[debug] [2023-12-09T15:08:27.066Z] ----------------------------------------------------------------------
[debug] [2023-12-09T15:08:27.069Z] Command:       C:\Program Files\nodejs\node.exe C:\Users\bilti\AppData\Roaming\npm\node_modules\firebase-tools\lib\bin\firebase.js apps:sdkconfig android 1:31707012186:android:62ab99e3b0858c7b608c63 --json
[debug] [2023-12-09T15:08:27.069Z] CLI Version:   13.0.1
[debug] [2023-12-09T15:08:27.069Z] Platform:      win32
[debug] [2023-12-09T15:08:27.069Z] Node Version:  v21.2.0
[debug] [2023-12-09T15:08:27.069Z] Time:          Sat Dec 09 2023 15:08:27 GMT+0000 (Greenwich Mean Time)
[debug] [2023-12-09T15:08:27.070Z] ----------------------------------------------------------------------
[debug] 
[debug] [2023-12-09T15:08:27.077Z] > command requires scopes: ["email","openid","https://www.googleapis.com/auth/cloudplatformprojects.readonly","https://www.googleapis.com/auth/firebase","https://www.googleapis.com/auth/cloud-platform"]
[debug] [2023-12-09T15:08:27.077Z] > authorizing via signed-in user (g.kim0813234525@gmail.com)
[debug] [2023-12-09T15:08:27.080Z] >>> [apiv2][query] GET https://firebase.googleapis.com/v1beta1/projects/-/androidApps/1:31707012186:android:62ab99e3b0858c7b608c63/config [none]
[debug] [2023-12-09T15:08:27.111Z] Error: EPIPE: broken pipe, write
    at Socket._write (node:internal/net:61:18)
    at writeOrBuffer (node:internal/streams/writable:564:12)
    at _write (node:internal/streams/writable:493:10)
    at Writable.write (node:internal/streams/writable:502:10)
    at Ora.start (C:\Users\bilti\AppData\Roaming\npm\node_modules\firebase-tools\node_modules\ora\index.js:304:17)
    at Command.actionFn (C:\Users\bilti\AppData\Roaming\npm\node_modules\firebase-tools\lib\commands\apps-sdkconfig.js:68:95)
    at C:\Users\bilti\AppData\Roaming\npm\node_modules\firebase-tools\lib\command.js:228:25
    at process.processTicksAndRejections (node:internal/process/task_queues:95:5)
[error] 
[error] Error: An unexpected error has occurred.
